<?xml version="1.0" encoding="UTF-8"?>
<testsuite name="com.ee.parkinglot.command.LeaveCommandTest" tests="5" skipped="0" failures="0" errors="0" timestamp="2019-07-09T18:12:36" hostname="in-Prasanns-2.local" time="0.001">
  <properties/>
  <testcase name="shouldThrowParkingLotExceptionWhenSizeIsZero" classname="com.ee.parkinglot.command.LeaveCommandTest" time="0.0"/>
  <testcase name="shouldUseParkingLotServiceToLeaveFromParkingLot" classname="com.ee.parkinglot.command.LeaveCommandTest" time="0.0"/>
  <testcase name="shouldThrowParkingLotExceptionWHenInputArgsLenghtIsNot2" classname="com.ee.parkinglot.command.LeaveCommandTest" time="0.001"/>
  <testcase name="shouldThrowParkingLotExceptionWhenSizeIsLessThanOrEqualToNegative" classname="com.ee.parkinglot.command.LeaveCommandTest" time="0.0"/>
  <testcase name="shouldThrowParkingLotExceptionWhenSizeIsInvalidNumber" classname="com.ee.parkinglot.command.LeaveCommandTest" time="0.0"/>
  <system-out><![CDATA[]]></system-out>
  <system-err><![CDATA[]]></system-err>
</testsuite>
