<?xml version="1.0" encoding="UTF-8"?>
<testsuite name="com.ee.parkinglot.factory.ParkingLotFactoryTest" tests="1" skipped="0" failures="0" errors="0" timestamp="2019-07-09T18:12:36" hostname="in-Prasanns-2.local" time="0.106">
  <properties/>
  <testcase name="shouldCreateParkingLotService" classname="com.ee.parkinglot.factory.ParkingLotFactoryTest" time="0.106"/>
  <system-out><![CDATA[]]></system-out>
  <system-err><![CDATA[]]></system-err>
</testsuite>
