<?xml version="1.0" encoding="UTF-8"?>
<testsuite name="com.ee.parkinglot.io.InputFileProcessorTest" tests="3" skipped="0" failures="0" errors="0" timestamp="2019-07-09T18:12:36" hostname="in-Prasanns-2.local" time="0.003">
  <properties/>
  <testcase name="shouldThrowIllegalArgumentExceptionWhenArgsLengthIsLessThanTwo" classname="com.ee.parkinglot.io.InputFileProcessorTest" time="0.001"/>
  <testcase name="shouldExecuteCommands" classname="com.ee.parkinglot.io.InputFileProcessorTest" time="0.001"/>
  <testcase name="shouldThrowParkingLotExceptionWhenInvalidCommandIsprovided" classname="com.ee.parkinglot.io.InputFileProcessorTest" time="0.0"/>
  <system-out><![CDATA[]]></system-out>
  <system-err><![CDATA[]]></system-err>
</testsuite>
