<?xml version="1.0" encoding="UTF-8"?>
<testsuite name="com.ee.parkinglot.command.SearchSNByColorCommandTest" tests="2" skipped="0" failures="0" errors="0" timestamp="2019-07-09T18:12:36" hostname="in-Prasanns-2.local" time="0.003">
  <properties/>
  <testcase name="shouldThrowParkingLotExceptionWHenInputArgsLenghtIsNot3" classname="com.ee.parkinglot.command.SearchSNByColorCommandTest" time="0.002"/>
  <testcase name="shouldSearchParkingLotAndReturnSlotNumbersInCommaSeparated" classname="com.ee.parkinglot.command.SearchSNByColorCommandTest" time="0.0"/>
  <system-out><![CDATA[]]></system-out>
  <system-err><![CDATA[]]></system-err>
</testsuite>
