<?xml version="1.0" encoding="UTF-8"?>
<testsuite name="com.ee.parkinglot.command.SearchSNByRNCommandTest" tests="3" skipped="0" failures="0" errors="0" timestamp="2019-07-09T18:12:36" hostname="in-Prasanns-2.local" time="0.002">
  <properties/>
  <testcase name="shouldHandleparkingLotExceptionAndReturnResultWithErrorMessage" classname="com.ee.parkinglot.command.SearchSNByRNCommandTest" time="0.001"/>
  <testcase name="shouldThrowParkingLotExceptionWHenInputArgsLenghtIsNot3" classname="com.ee.parkinglot.command.SearchSNByRNCommandTest" time="0.0"/>
  <testcase name="shouldSearchParkingSlotServiceFotSlotNumberWIthRegistrationNumber" classname="com.ee.parkinglot.command.SearchSNByRNCommandTest" time="0.0"/>
  <system-out><![CDATA[]]></system-out>
  <system-err><![CDATA[]]></system-err>
</testsuite>
