<?xml version="1.0" encoding="UTF-8"?>
<testsuite name="com.ee.parkinglot.service.ParkingLotServiceTest" tests="5" skipped="0" failures="0" errors="0" timestamp="2019-07-09T18:12:36" hostname="in-Prasanns-2.local" time="0.004">
  <properties/>
  <testcase name="shouldInvokeParkingLotMangerToCreateParkingSlots" classname="com.ee.parkinglot.service.ParkingLotServiceTest" time="0.002"/>
  <testcase name="shouldInvokeParkingLotMangerOnSearchingSlots" classname="com.ee.parkinglot.service.ParkingLotServiceTest" time="0.0"/>
  <testcase name="shouldInvokeParkingLotMangerOnParkingTheCar" classname="com.ee.parkinglot.service.ParkingLotServiceTest" time="0.0"/>
  <testcase name="shouldInvokeParkingLotMangerOnUnParkingTheCar" classname="com.ee.parkinglot.service.ParkingLotServiceTest" time="0.0"/>
  <testcase name="shouldInvokeParkingLotMangerToGetParkingLotStatus" classname="com.ee.parkinglot.service.ParkingLotServiceTest" time="0.0"/>
  <system-out><![CDATA[]]></system-out>
  <system-err><![CDATA[]]></system-err>
</testsuite>
